TN:
SF:src\app.ts
FN:27,(anonymous_1)
FN:53,(anonymous_2)
FN:58,(anonymous_3)
FNF:3
FNH:3
FNDA:12,(anonymous_1)
FNDA:2,(anonymous_2)
FNDA:1,(anonymous_3)
DA:20,1
DA:21,1
DA:22,1
DA:23,1
DA:25,1
DA:27,1
DA:28,12
DA:29,12
DA:33,1
DA:46,1
DA:47,1
DA:50,1
DA:53,1
DA:54,2
DA:58,1
DA:59,1
DA:67,1
DA:69,1
LF:18
LH:18
BRF:0
BRH:0
end_of_record
TN:
SF:src\__tests__\setup.ts
FN:8,(anonymous_0)
FN:18,(anonymous_1)
FNF:2
FNH:0
FNDA:0,(anonymous_0)
FNDA:0,(anonymous_1)
DA:1,0
DA:2,0
DA:5,0
DA:8,0
DA:9,0
DA:11,0
DA:18,0
DA:19,0
LF:8
LH:0
BRF:0
BRH:0
end_of_record
TN:
SF:src\config\multer.ts
FN:9,(anonymous_1)
FNF:1
FNH:1
FNDA:9,(anonymous_1)
DA:1,2
DA:2,2
DA:5,2
DA:10,9
DA:11,9
DA:16,2
DA:18,2
LF:7
LH:7
BRF:0
BRH:0
end_of_record
TN:
SF:src\controllers\addressController.ts
FN:14,(anonymous_0)
FN:39,(anonymous_1)
FN:82,(anonymous_2)
FN:127,(anonymous_3)
FN:186,(anonymous_4)
FN:231,(anonymous_5)
FNF:6
FNH:0
FNDA:0,(anonymous_0)
FNDA:0,(anonymous_1)
FNDA:0,(anonymous_2)
FNDA:0,(anonymous_3)
FNDA:0,(anonymous_4)
FNDA:0,(anonymous_5)
DA:2,1
DA:14,1
DA:15,0
DA:16,0
DA:18,0
DA:19,0
DA:24,0
DA:25,0
DA:39,1
DA:40,0
DA:41,0
DA:42,0
DA:43,0
DA:45,0
DA:46,0
DA:53,0
DA:54,0
DA:55,0
DA:62,0
DA:67,0
DA:68,0
DA:82,1
DA:83,0
DA:84,0
DA:85,0
DA:90,0
DA:91,0
DA:97,0
DA:99,0
DA:100,0
DA:106,0
DA:113,0
DA:127,1
DA:128,0
DA:129,0
DA:130,0
DA:131,0
DA:133,0
DA:134,0
DA:141,0
DA:142,0
DA:148,0
DA:150,0
DA:151,0
DA:152,0
DA:159,0
DA:165,0
DA:172,0
DA:186,1
DA:187,0
DA:188,0
DA:189,0
DA:190,0
DA:192,0
DA:193,0
DA:200,0
DA:201,0
DA:206,0
DA:208,0
DA:209,0
DA:210,0
DA:217,0
DA:231,1
DA:232,0
DA:233,0
DA:234,0
DA:235,0
DA:237,0
DA:238,0
DA:245,0
DA:246,0
DA:252,0
DA:254,0
DA:255,0
DA:256,0
DA:263,0
LF:76
LH:7
BRDA:45,0,0,0
BRDA:45,0,1,0
BRDA:54,1,0,0
BRDA:54,1,1,0
BRDA:100,2,0,0
BRDA:100,2,1,0
BRDA:100,3,0,0
BRDA:100,3,1,0
BRDA:100,3,2,0
BRDA:100,3,3,0
BRDA:100,3,4,0
BRDA:100,3,5,0
BRDA:133,4,0,0
BRDA:133,4,1,0
BRDA:151,5,0,0
BRDA:151,5,1,0
BRDA:159,6,0,0
BRDA:159,6,1,0
BRDA:159,7,0,0
BRDA:159,7,1,0
BRDA:159,7,2,0
BRDA:159,7,3,0
BRDA:159,7,4,0
BRDA:159,7,5,0
BRDA:192,8,0,0
BRDA:192,8,1,0
BRDA:209,9,0,0
BRDA:209,9,1,0
BRDA:237,10,0,0
BRDA:237,10,1,0
BRDA:255,11,0,0
BRDA:255,11,1,0
BRF:32
BRH:0
end_of_record
TN:
SF:src\controllers\authController.ts
FN:17,(anonymous_0)
FN:61,(anonymous_1)
FNF:2
FNH:2
FNDA:5,(anonymous_0)
FNDA:2,(anonymous_1)
DA:2,2
DA:7,2
DA:18,5
DA:19,5
DA:21,5
DA:22,2
DA:29,3
DA:31,1
DA:37,2
DA:39,2
DA:40,1
DA:47,1
DA:62,2
DA:65,2
DA:71,1
DA:72,1
LF:16
LH:16
BRDA:21,0,0,2
BRDA:21,0,1,3
BRDA:21,1,0,5
BRDA:21,1,1,4
BRDA:39,2,0,1
BRDA:39,2,1,1
BRF:6
BRH:6
end_of_record
TN:
SF:src\controllers\cartController.ts
FN:14,(anonymous_0)
FN:59,(anonymous_1)
FN:117,(anonymous_2)
FN:184,(anonymous_3)
FN:240,(anonymous_4)
FN:281,(anonymous_5)
FNF:6
FNH:0
FNDA:0,(anonymous_0)
FNDA:0,(anonymous_1)
FNDA:0,(anonymous_2)
FNDA:0,(anonymous_3)
FNDA:0,(anonymous_4)
FNDA:0,(anonymous_5)
DA:2,1
DA:14,1
DA:15,0
DA:17,0
DA:19,0
DA:20,0
DA:27,0
DA:29,0
DA:30,0
DA:37,0
DA:42,0
DA:44,0
DA:45,0
DA:59,1
DA:60,0
DA:61,0
DA:63,0
DA:64,0
DA:71,0
DA:73,0
DA:74,0
DA:81,0
DA:83,0
DA:89,0
DA:91,0
DA:92,0
DA:96,0
DA:103,0
DA:117,1
DA:118,0
DA:119,0
DA:121,0
DA:122,0
DA:129,0
DA:131,0
DA:132,0
DA:139,0
DA:140,0
DA:147,0
DA:149,0
DA:155,0
DA:157,0
DA:158,0
DA:163,0
DA:170,0
DA:184,1
DA:185,0
DA:186,0
DA:188,0
DA:189,0
DA:196,0
DA:198,0
DA:199,0
DA:206,0
DA:208,0
DA:214,0
DA:216,0
DA:217,0
DA:219,0
DA:226,0
DA:240,1
DA:241,0
DA:242,0
DA:244,0
DA:245,0
DA:252,0
DA:254,0
DA:256,0
DA:258,0
DA:259,0
DA:260,0
DA:267,0
DA:281,1
DA:282,0
DA:283,0
DA:285,0
DA:286,0
DA:293,0
DA:295,0
DA:297,0
DA:299,0
DA:300,0
DA:301,0
DA:308,0
LF:84
LH:7
BRDA:19,0,0,0
BRDA:19,0,1,0
BRDA:29,1,0,0
BRDA:29,1,1,0
BRDA:63,2,0,0
BRDA:63,2,1,0
BRDA:73,3,0,0
BRDA:73,3,1,0
BRDA:73,4,0,0
BRDA:73,4,1,0
BRDA:73,4,2,0
BRDA:92,5,0,0
BRDA:92,5,1,0
BRDA:92,6,0,0
BRDA:92,6,1,0
BRDA:92,6,2,0
BRDA:92,6,3,0
BRDA:121,7,0,0
BRDA:121,7,1,0
BRDA:131,8,0,0
BRDA:131,8,1,0
BRDA:131,9,0,0
BRDA:131,9,1,0
BRDA:131,9,2,0
BRDA:139,10,0,0
BRDA:139,10,1,0
BRDA:139,11,0,0
BRDA:139,11,1,0
BRDA:139,11,2,0
BRDA:158,12,0,0
BRDA:158,12,1,0
BRDA:158,13,0,0
BRDA:158,13,1,0
BRDA:158,13,2,0
BRDA:158,13,3,0
BRDA:158,13,4,0
BRDA:188,14,0,0
BRDA:188,14,1,0
BRDA:198,15,0,0
BRDA:198,15,1,0
BRDA:198,16,0,0
BRDA:198,16,1,0
BRDA:217,17,0,0
BRDA:217,17,1,0
BRDA:217,18,0,0
BRDA:217,18,1,0
BRDA:244,19,0,0
BRDA:244,19,1,0
BRDA:259,20,0,0
BRDA:259,20,1,0
BRDA:285,21,0,0
BRDA:285,21,1,0
BRDA:300,22,0,0
BRDA:300,22,1,0
BRF:54
BRH:0
end_of_record
TN:
SF:src\controllers\categoryController.ts
FN:18,(anonymous_0)
FN:55,(anonymous_1)
FN:98,(anonymous_2)
FN:147,(anonymous_3)
FN:201,(anonymous_4)
FN:253,(anonymous_5)
FNF:6
FNH:0
FNDA:0,(anonymous_0)
FNDA:0,(anonymous_1)
FNDA:0,(anonymous_2)
FNDA:0,(anonymous_3)
FNDA:0,(anonymous_4)
FNDA:0,(anonymous_5)
DA:2,1
DA:18,1
DA:19,0
DA:20,0
DA:21,0
DA:27,0
DA:30,0
DA:31,0
DA:33,0
DA:41,0
DA:55,1
DA:56,0
DA:57,0
DA:58,0
DA:60,0
DA:61,0
DA:68,0
DA:69,0
DA:74,0
DA:76,0
DA:77,0
DA:84,0
DA:98,1
DA:99,0
DA:100,0
DA:102,0
DA:104,0
DA:105,0
DA:106,0
DA:107,0
DA:111,0
DA:112,0
DA:113,0
DA:114,0
DA:118,0
DA:119,0
DA:122,0
DA:123,0
DA:126,0
DA:127,0
DA:132,0
DA:133,0
DA:147,1
DA:148,0
DA:149,0
DA:150,0
DA:152,0
DA:153,0
DA:160,0
DA:161,0
DA:167,0
DA:169,0
DA:170,0
DA:171,0
DA:178,0
DA:180,0
DA:187,0
DA:201,1
DA:202,0
DA:203,0
DA:204,0
DA:206,0
DA:207,0
DA:214,0
DA:215,0
DA:220,0
DA:222,0
DA:223,0
DA:224,0
DA:231,0
DA:232,0
DA:239,0
DA:253,1
DA:254,0
DA:255,0
DA:256,0
DA:261,0
DA:262,0
LF:78
LH:7
BRDA:31,0,0,0
BRDA:31,0,1,0
BRDA:31,1,0,0
BRDA:31,1,1,0
BRDA:60,2,0,0
BRDA:60,2,1,0
BRDA:76,3,0,0
BRDA:76,3,1,0
BRDA:104,4,0,0
BRDA:104,4,1,0
BRDA:106,5,0,0
BRDA:106,5,1,0
BRDA:106,6,0,0
BRDA:106,6,1,0
BRDA:111,7,0,0
BRDA:111,7,1,0
BRDA:113,8,0,0
BRDA:113,8,1,0
BRDA:113,9,0,0
BRDA:113,9,1,0
BRDA:113,9,2,0
BRDA:118,10,0,0
BRDA:118,10,1,0
BRDA:122,11,0,0
BRDA:122,11,1,0
BRDA:152,12,0,0
BRDA:152,12,1,0
BRDA:170,13,0,0
BRDA:170,13,1,0
BRDA:178,14,0,0
BRDA:178,14,1,0
BRDA:178,15,0,0
BRDA:178,15,1,0
BRDA:206,16,0,0
BRDA:206,16,1,0
BRDA:223,17,0,0
BRDA:223,17,1,0
BRDA:231,18,0,0
BRDA:231,18,1,0
BRF:39
BRH:0
end_of_record
TN:
SF:src\controllers\employeeController.ts
FN:37,(anonymous_0)
FN:71,(anonymous_1)
FN:108,(anonymous_2)
FN:147,(anonymous_3)
FN:194,(anonymous_4)
FNF:5
FNH:0
FNDA:0,(anonymous_0)
FNDA:0,(anonymous_1)
FNDA:0,(anonymous_2)
FNDA:0,(anonymous_3)
FNDA:0,(anonymous_4)
DA:8,1
DA:37,1
DA:38,0
DA:39,0
DA:40,0
DA:42,0
DA:71,1
DA:72,0
DA:73,0
DA:75,0
DA:76,0
DA:79,0
DA:81,0
DA:84,0
DA:86,0
DA:87,0
DA:90,0
DA:108,1
DA:109,0
DA:110,0
DA:112,0
DA:113,0
DA:116,0
DA:118,0
DA:121,0
DA:123,0
DA:124,0
DA:127,0
DA:147,1
DA:148,0
DA:149,0
DA:151,0
DA:153,0
DA:154,0
DA:155,0
DA:156,0
DA:160,0
DA:161,0
DA:162,0
DA:163,0
DA:167,0
DA:168,0
DA:171,0
DA:172,0
DA:175,0
DA:176,0
DA:194,1
DA:195,0
DA:196,0
DA:198,0
DA:199,0
DA:202,0
DA:204,0
DA:210,0
DA:212,0
DA:213,0
DA:216,0
LF:57
LH:6
BRDA:75,0,0,0
BRDA:75,0,1,0
BRDA:86,1,0,0
BRDA:86,1,1,0
BRDA:112,2,0,0
BRDA:112,2,1,0
BRDA:123,3,0,0
BRDA:123,3,1,0
BRDA:153,4,0,0
BRDA:153,4,1,0
BRDA:155,5,0,0
BRDA:155,5,1,0
BRDA:155,6,0,0
BRDA:155,6,1,0
BRDA:160,7,0,0
BRDA:160,7,1,0
BRDA:162,8,0,0
BRDA:162,8,1,0
BRDA:162,9,0,0
BRDA:162,9,1,0
BRDA:162,9,2,0
BRDA:167,10,0,0
BRDA:167,10,1,0
BRDA:198,11,0,0
BRDA:198,11,1,0
BRDA:212,12,0,0
BRDA:212,12,1,0
BRF:27
BRH:0
end_of_record
TN:
SF:src\controllers\orderController.ts
FN:12,(anonymous_0)
FN:35,(anonymous_1)
FN:83,(anonymous_2)
FN:107,(anonymous_3)
FN:146,(anonymous_4)
FN:197,(anonymous_5)
FNF:6
FNH:0
FNDA:0,(anonymous_0)
FNDA:0,(anonymous_1)
FNDA:0,(anonymous_2)
FNDA:0,(anonymous_3)
FNDA:0,(anonymous_4)
FNDA:0,(anonymous_5)
DA:2,1
DA:3,1
DA:12,1
DA:13,0
DA:14,0
DA:16,0
DA:21,0
DA:35,1
DA:36,0
DA:37,0
DA:39,0
DA:40,0
DA:46,0
DA:48,0
DA:53,0
DA:83,1
DA:84,0
DA:85,0
DA:86,0
DA:92,0
DA:93,0
DA:107,1
DA:108,0
DA:109,0
DA:111,0
DA:112,0
DA:115,0
DA:117,0
DA:123,0
DA:124,0
DA:127,0
DA:146,1
DA:147,0
DA:148,0
DA:150,0
DA:151,0
DA:157,0
DA:159,0
DA:160,0
DA:166,0
DA:171,0
DA:172,0
DA:197,1
DA:198,0
DA:199,0
DA:200,0
DA:202,0
DA:203,0
DA:209,0
DA:210,0
DA:216,0
DA:223,0
DA:229,0
DA:230,0
DA:236,0
DA:237,0
LF:56
LH:8
BRDA:39,0,0,0
BRDA:39,0,1,0
BRDA:111,1,0,0
BRDA:111,1,1,0
BRDA:123,2,0,0
BRDA:123,2,1,0
BRDA:150,3,0,0
BRDA:150,3,1,0
BRDA:159,4,0,0
BRDA:159,4,1,0
BRDA:202,5,0,0
BRDA:202,5,1,0
BRDA:209,6,0,0
BRDA:209,6,1,0
BRDA:209,7,0,0
BRDA:209,7,1,0
BRDA:229,8,0,0
BRDA:229,8,1,0
BRF:18
BRH:0
end_of_record
TN:
SF:src\controllers\productController.ts
FN:21,(anonymous_1)
FN:65,(anonymous_2)
FN:108,(anonymous_3)
FN:164,(anonymous_4)
FN:187,(anonymous_5)
FN:248,(anonymous_6)
FN:291,(anonymous_7)
FNF:7
FNH:0
FNDA:0,(anonymous_1)
FNDA:0,(anonymous_2)
FNDA:0,(anonymous_3)
FNDA:0,(anonymous_4)
FNDA:0,(anonymous_5)
FNDA:0,(anonymous_6)
FNDA:0,(anonymous_7)
DA:2,1
DA:3,1
DA:4,1
DA:5,1
DA:21,1
DA:22,0
DA:23,0
DA:24,0
DA:30,0
DA:33,0
DA:34,0
DA:43,0
DA:51,0
DA:65,1
DA:66,0
DA:67,0
DA:68,0
DA:70,0
DA:71,0
DA:78,0
DA:79,0
DA:84,0
DA:86,0
DA:87,0
DA:94,0
DA:108,1
DA:109,0
DA:110,0
DA:112,0
DA:114,0
DA:115,0
DA:116,0
DA:117,0
DA:121,0
DA:122,0
DA:123,0
DA:124,0
DA:128,0
DA:129,0
DA:130,0
DA:131,0
DA:135,0
DA:136,0
DA:139,0
DA:140,0
DA:143,0
DA:144,0
DA:149,0
DA:150,0
DA:164,1
DA:165,0
DA:166,0
DA:167,0
DA:172,0
DA:173,0
DA:187,1
DA:188,0
DA:189,0
DA:190,0
DA:192,0
DA:193,0
DA:200,0
DA:201,0
DA:207,0
DA:209,0
DA:210,0
DA:211,0
DA:218,0
DA:227,0
DA:234,0
DA:248,1
DA:249,0
DA:250,0
DA:251,0
DA:253,0
DA:254,0
DA:261,0
DA:262,0
DA:267,0
DA:269,0
DA:270,0
DA:277,0
DA:291,1
DA:292,0
DA:293,0
DA:294,0
DA:296,0
DA:297,0
DA:305,0
DA:308,0
DA:309,0
DA:316,0
DA:319,0
DA:320,0
DA:322,0
DA:323,0
DA:324,0
DA:325,0
DA:328,0
DA:334,0
DA:338,0
DA:346,0
DA:349,0
DA:350,0
DA:351,0
DA:353,0
DA:357,0
DA:358,0
DA:366,0
DA:367,0
DA:374,0
DA:375,0
DA:382,0
LF:113
LH:11
BRDA:34,0,0,0
BRDA:34,0,1,0
BRDA:34,1,0,0
BRDA:34,1,1,0
BRDA:34,1,2,0
BRDA:34,1,3,0
BRDA:34,1,4,0
BRDA:34,1,5,0
BRDA:34,1,6,0
BRDA:34,1,7,0
BRDA:34,1,8,0
BRDA:70,2,0,0
BRDA:70,2,1,0
BRDA:86,3,0,0
BRDA:86,3,1,0
BRDA:114,4,0,0
BRDA:114,4,1,0
BRDA:116,5,0,0
BRDA:116,5,1,0
BRDA:116,6,0,0
BRDA:116,6,1,0
BRDA:121,7,0,0
BRDA:121,7,1,0
BRDA:123,8,0,0
BRDA:123,8,1,0
BRDA:123,9,0,0
BRDA:123,9,1,0
BRDA:123,9,2,0
BRDA:128,10,0,0
BRDA:128,10,1,0
BRDA:130,11,0,0
BRDA:130,11,1,0
BRDA:135,12,0,0
BRDA:135,12,1,0
BRDA:139,13,0,0
BRDA:139,13,1,0
BRDA:192,14,0,0
BRDA:192,14,1,0
BRDA:210,15,0,0
BRDA:210,15,1,0
BRDA:218,16,0,0
BRDA:218,16,1,0
BRDA:218,17,0,0
BRDA:218,17,1,0
BRDA:218,17,2,0
BRDA:218,17,3,0
BRDA:218,17,4,0
BRDA:218,17,5,0
BRDA:218,17,6,0
BRDA:218,17,7,0
BRDA:218,17,8,0
BRDA:253,18,0,0
BRDA:253,18,1,0
BRDA:269,19,0,0
BRDA:269,19,1,0
BRDA:296,20,0,0
BRDA:296,20,1,0
BRDA:308,21,0,0
BRDA:308,21,1,0
BRDA:319,22,0,0
BRDA:319,22,1,0
BRDA:323,23,0,0
BRDA:323,23,1,0
BRDA:323,24,0,0
BRDA:323,24,1,0
BRDA:349,25,0,0
BRDA:349,25,1,0
BRDA:357,26,0,0
BRDA:357,26,1,0
BRDA:366,27,0,0
BRDA:366,27,1,0
BRDA:374,28,0,0
BRDA:374,28,1,0
BRF:73
BRH:0
end_of_record
TN:
SF:src\controllers\reportController.ts
FN:5,(anonymous_0)
FNF:1
FNH:0
FNDA:0,(anonymous_0)
DA:2,1
DA:4,1
DA:6,0
DA:7,0
DA:8,0
DA:13,0
DA:15,0
LF:7
LH:2
BRDA:15,0,0,0
BRDA:15,0,1,0
BRF:2
BRH:0
end_of_record
TN:
SF:src\controllers\roleController.ts
FN:18,(anonymous_0)
FN:55,(anonymous_1)
FN:98,(anonymous_2)
FN:147,(anonymous_3)
FN:201,(anonymous_4)
FN:253,(anonymous_5)
FNF:6
FNH:0
FNDA:0,(anonymous_0)
FNDA:0,(anonymous_1)
FNDA:0,(anonymous_2)
FNDA:0,(anonymous_3)
FNDA:0,(anonymous_4)
FNDA:0,(anonymous_5)
DA:2,1
DA:18,1
DA:19,0
DA:20,0
DA:21,0
DA:27,0
DA:30,0
DA:31,0
DA:33,0
DA:41,0
DA:55,1
DA:56,0
DA:57,0
DA:58,0
DA:60,0
DA:61,0
DA:68,0
DA:69,0
DA:74,0
DA:76,0
DA:77,0
DA:84,0
DA:98,1
DA:99,0
DA:100,0
DA:102,0
DA:104,0
DA:105,0
DA:106,0
DA:107,0
DA:111,0
DA:112,0
DA:113,0
DA:114,0
DA:118,0
DA:119,0
DA:122,0
DA:123,0
DA:126,0
DA:127,0
DA:132,0
DA:133,0
DA:147,1
DA:148,0
DA:149,0
DA:150,0
DA:152,0
DA:153,0
DA:160,0
DA:161,0
DA:167,0
DA:169,0
DA:170,0
DA:171,0
DA:178,0
DA:180,0
DA:187,0
DA:201,1
DA:202,0
DA:203,0
DA:204,0
DA:206,0
DA:207,0
DA:214,0
DA:215,0
DA:220,0
DA:222,0
DA:223,0
DA:224,0
DA:231,0
DA:232,0
DA:239,0
DA:253,1
DA:254,0
DA:255,0
DA:256,0
DA:261,0
DA:262,0
LF:78
LH:7
BRDA:31,0,0,0
BRDA:31,0,1,0
BRDA:31,1,0,0
BRDA:31,1,1,0
BRDA:60,2,0,0
BRDA:60,2,1,0
BRDA:76,3,0,0
BRDA:76,3,1,0
BRDA:104,4,0,0
BRDA:104,4,1,0
BRDA:106,5,0,0
BRDA:106,5,1,0
BRDA:106,6,0,0
BRDA:106,6,1,0
BRDA:111,7,0,0
BRDA:111,7,1,0
BRDA:113,8,0,0
BRDA:113,8,1,0
BRDA:113,9,0,0
BRDA:113,9,1,0
BRDA:113,9,2,0
BRDA:118,10,0,0
BRDA:118,10,1,0
BRDA:122,11,0,0
BRDA:122,11,1,0
BRDA:152,12,0,0
BRDA:152,12,1,0
BRDA:170,13,0,0
BRDA:170,13,1,0
BRDA:178,14,0,0
BRDA:178,14,1,0
BRDA:178,15,0,0
BRDA:178,15,1,0
BRDA:206,16,0,0
BRDA:206,16,1,0
BRDA:223,17,0,0
BRDA:223,17,1,0
BRDA:231,18,0,0
BRDA:231,18,1,0
BRF:39
BRH:0
end_of_record
TN:
SF:src\controllers\storeControllers.ts
FN:9,(anonymous_0)
FN:25,(anonymous_1)
FN:45,(anonymous_2)
FN:60,(anonymous_3)
FNF:4
FNH:0
FNDA:0,(anonymous_0)
FNDA:0,(anonymous_1)
FNDA:0,(anonymous_2)
FNDA:0,(anonymous_3)
DA:4,1
DA:9,1
DA:10,0
DA:11,0
DA:12,0
DA:13,0
DA:15,0
DA:16,0
DA:18,0
DA:25,1
DA:26,0
DA:27,0
DA:28,0
DA:29,0
DA:31,0
DA:32,0
DA:34,0
DA:35,0
DA:36,0
DA:38,0
DA:45,1
DA:46,0
DA:47,0
DA:48,0
DA:50,0
DA:51,0
DA:53,0
DA:60,1
DA:61,0
DA:62,0
DA:63,0
DA:65,0
DA:66,0
DA:68,0
DA:69,0
DA:72,0
DA:73,0
DA:75,0
DA:76,0
LF:39
LH:5
BRDA:12,0,0,0
BRDA:12,0,1,0
BRDA:28,1,0,0
BRDA:28,1,1,0
BRDA:35,2,0,0
BRDA:35,2,1,0
BRDA:50,3,0,0
BRDA:50,3,1,0
BRDA:65,4,0,0
BRDA:65,4,1,0
BRDA:68,5,0,0
BRDA:68,5,1,0
BRF:12
BRH:0
end_of_record
TN:
SF:src\controllers\userController.ts
FN:15,(anonymous_0)
FN:47,(anonymous_1)
FN:81,(anonymous_2)
FN:154,(anonymous_3)
FNF:4
FNH:0
FNDA:0,(anonymous_0)
FNDA:0,(anonymous_1)
FNDA:0,(anonymous_2)
FNDA:0,(anonymous_3)
DA:2,1
DA:3,1
DA:15,1
DA:16,0
DA:17,0
DA:18,0
DA:24,0
DA:27,0
DA:28,0
DA:36,0
DA:47,1
DA:48,0
DA:49,0
DA:51,0
DA:52,0
DA:57,0
DA:59,0
DA:62,0
DA:65,0
DA:67,0
DA:69,0
DA:70,0
DA:73,0
DA:81,1
DA:82,0
DA:83,0
DA:84,0
DA:85,0
DA:90,0
DA:92,0
DA:93,0
DA:95,0
DA:96,0
DA:97,0
DA:101,0
DA:104,0
DA:105,0
DA:107,0
DA:108,0
DA:109,0
DA:113,0
DA:116,0
DA:127,0
DA:129,0
DA:130,0
DA:135,0
DA:142,0
DA:154,1
DA:155,0
DA:156,0
DA:157,0
DA:159,0
DA:160,0
DA:163,0
DA:164,0
LF:55
LH:6
BRDA:27,0,0,0
BRDA:27,0,1,0
BRDA:57,1,0,0
BRDA:57,1,1,0
BRDA:57,2,0,0
BRDA:57,2,1,0
BRDA:69,3,0,0
BRDA:69,3,1,0
BRDA:69,4,0,0
BRDA:69,4,1,0
BRDA:90,5,0,0
BRDA:90,5,1,0
BRDA:90,6,0,0
BRDA:90,6,1,0
BRDA:96,7,0,0
BRDA:96,7,1,0
BRDA:108,8,0,0
BRDA:108,8,1,0
BRDA:123,9,0,0
BRDA:123,9,1,0
BRDA:130,10,0,0
BRDA:130,10,1,0
BRDA:130,11,0,0
BRDA:130,11,1,0
BRDA:130,11,2,0
BRDA:130,11,3,0
BRDA:130,11,4,0
BRF:27
BRH:0
end_of_record
TN:
SF:src\middlewares\authMiddleware.ts
FN:38,(anonymous_1)
FN:102,(anonymous_2)
FNF:2
FNH:0
FNDA:0,(anonymous_1)
FNDA:0,(anonymous_2)
DA:2,1
DA:38,1
DA:39,0
DA:40,0
DA:42,0
DA:43,0
DA:50,0
DA:51,0
DA:52,0
DA:63,0
DA:71,0
DA:73,0
DA:75,0
DA:76,0
DA:83,0
DA:84,0
DA:91,0
DA:102,1
DA:103,0
DA:105,0
DA:107,0
DA:110,0
LF:22
LH:3
BRDA:40,0,0,0
BRDA:40,0,1,0
BRDA:42,1,0,0
BRDA:42,1,1,0
BRDA:51,2,0,0
BRDA:51,2,1,0
BRDA:75,3,0,0
BRDA:75,3,1,0
BRDA:83,4,0,0
BRDA:83,4,1,0
BRDA:105,5,0,0
BRDA:105,5,1,0
BRDA:105,6,0,0
BRDA:105,6,1,0
BRF:14
BRH:0
end_of_record
TN:
SF:src\middlewares\uploadMiddleware.ts
FN:16,(anonymous_1)
FN:19,(anonymous_2)
FN:28,(anonymous_3)
FN:69,(anonymous_4)
FN:79,(anonymous_5)
FNF:5
FNH:0
FNDA:0,(anonymous_1)
FNDA:0,(anonymous_2)
FNDA:0,(anonymous_3)
FNDA:0,(anonymous_4)
FNDA:0,(anonymous_5)
DA:1,1
DA:2,1
DA:15,1
DA:17,0
DA:21,0
DA:22,0
DA:23,0
DA:28,1
DA:29,0
DA:30,0
DA:31,0
DA:33,0
DA:34,0
DA:36,0
DA:41,1
DA:61,1
DA:69,1
DA:70,0
DA:79,1
DA:80,0
DA:81,0
DA:82,0
DA:83,0
DA:84,0
DA:86,0
LF:25
LH:8
BRDA:33,0,0,0
BRDA:33,0,1,0
BRDA:33,1,0,0
BRDA:33,1,1,0
BRF:4
BRH:0
end_of_record
TN:
SF:src\middlewares\userValidation.ts
FN:58,(anonymous_0)
FN:63,(anonymous_1)
FN:99,(anonymous_2)
FN:105,(anonymous_3)
FNF:4
FNH:0
FNDA:0,(anonymous_0)
FNDA:0,(anonymous_1)
FNDA:0,(anonymous_2)
FNDA:0,(anonymous_3)
DA:8,1
DA:26,1
DA:59,0
DA:60,0
DA:61,0
DA:63,0
DA:69,0
DA:86,1
DA:100,0
DA:101,0
DA:102,0
DA:105,0
DA:112,0
LF:13
LH:3
BRDA:60,0,0,0
BRDA:60,0,1,0
BRDA:64,1,0,0
BRDA:64,1,1,0
BRDA:64,1,2,0
BRDA:101,2,0,0
BRDA:101,2,1,0
BRDA:106,3,0,0
BRDA:106,3,1,0
BRDA:106,3,2,0
BRF:10
BRH:0
end_of_record
TN:
SF:src\repositories\addressRepository.ts
FN:15,(anonymous_0)
FN:32,(anonymous_1)
FN:46,(anonymous_2)
FN:69,(anonymous_3)
FN:94,(anonymous_4)
FN:108,(anonymous_5)
FN:122,(anonymous_6)
FNF:7
FNH:0
FNDA:0,(anonymous_0)
FNDA:0,(anonymous_1)
FNDA:0,(anonymous_2)
FNDA:0,(anonymous_3)
FNDA:0,(anonymous_4)
FNDA:0,(anonymous_5)
FNDA:0,(anonymous_6)
DA:1,1
DA:3,1
DA:8,1
DA:16,0
DA:33,0
DA:57,0
DA:80,0
DA:95,0
DA:109,0
DA:123,0
LF:10
LH:3
BRF:0
BRH:0
end_of_record
TN:
SF:src\repositories\cartRepository.ts
FN:15,(anonymous_0)
FN:53,(anonymous_1)
FN:74,(anonymous_2)
FN:106,(anonymous_3)
FN:135,(anonymous_4)
FN:155,(anonymous_5)
FN:169,(anonymous_6)
FN:181,(anonymous_7)
FNF:8
FNH:0
FNDA:0,(anonymous_0)
FNDA:0,(anonymous_1)
FNDA:0,(anonymous_2)
FNDA:0,(anonymous_3)
FNDA:0,(anonymous_4)
FNDA:0,(anonymous_5)
FNDA:0,(anonymous_6)
FNDA:0,(anonymous_7)
DA:1,1
DA:3,1
DA:8,1
DA:17,0
DA:29,0
DA:30,0
DA:44,0
DA:54,0
DA:75,0
DA:107,0
DA:109,0
DA:112,0
DA:136,0
DA:156,0
DA:170,0
DA:182,0
DA:189,0
DA:190,0
DA:191,0
DA:192,0
DA:194,0
DA:200,0
DA:203,0
LF:23
LH:3
BRDA:29,0,0,0
BRDA:29,0,1,0
BRDA:107,1,0,0
BRDA:107,1,1,0
BRDA:192,2,0,0
BRDA:192,2,1,0
BRDA:194,3,0,0
BRDA:194,3,1,0
BRDA:195,4,0,0
BRDA:195,4,1,0
BRF:10
BRH:0
end_of_record
TN:
SF:src\repositories\categoryRepository.ts
FN:15,(anonymous_0)
FN:34,(anonymous_1)
FN:51,(anonymous_2)
FN:68,(anonymous_3)
FN:96,(anonymous_4)
FN:116,(anonymous_5)
FN:128,(anonymous_6)
FN:138,(anonymous_7)
FN:156,(anonymous_8)
FNF:9
FNH:0
FNDA:0,(anonymous_0)
FNDA:0,(anonymous_1)
FNDA:0,(anonymous_2)
FNDA:0,(anonymous_3)
FNDA:0,(anonymous_4)
FNDA:0,(anonymous_5)
FNDA:0,(anonymous_6)
FNDA:0,(anonymous_7)
FNDA:0,(anonymous_8)
DA:1,1
DA:3,1
DA:8,1
DA:18,0
DA:35,0
DA:52,0
DA:74,0
DA:76,0
DA:99,0
DA:117,0
DA:129,0
DA:140,0
DA:148,0
DA:156,0
DA:158,0
LF:15
LH:3
BRDA:74,0,0,0
BRDA:74,1,0,0
BRDA:74,1,1,0
BRDA:80,2,0,0
BRDA:80,2,1,0
BRF:5
BRH:0
end_of_record
TN:
SF:src\repositories\employeeRepository.ts
FN:38,(anonymous_0)
FN:62,(anonymous_1)
FN:74,(anonymous_2)
FN:91,(anonymous_3)
FN:107,(anonymous_4)
FN:132,(anonymous_5)
FN:142,(anonymous_6)
FN:154,(anonymous_7)
FN:166,(anonymous_8)
FNF:9
FNH:0
FNDA:0,(anonymous_0)
FNDA:0,(anonymous_1)
FNDA:0,(anonymous_2)
FNDA:0,(anonymous_3)
FNDA:0,(anonymous_4)
FNDA:0,(anonymous_5)
FNDA:0,(anonymous_6)
FNDA:0,(anonymous_7)
FNDA:0,(anonymous_8)
DA:1,1
DA:3,1
DA:11,1
DA:45,0
DA:63,0
DA:75,0
DA:92,0
DA:112,0
DA:114,0
DA:133,0
DA:143,0
DA:155,0
DA:167,0
LF:13
LH:3
BRDA:112,0,0,0
BRDA:112,0,1,0
BRF:2
BRH:0
end_of_record
TN:
SF:src\repositories\orderRepository.ts
FN:16,(anonymous_0)
FN:59,(anonymous_1)
FN:82,(anonymous_2)
FN:104,(anonymous_3)
FN:127,(anonymous_4)
FN:154,(anonymous_5)
FN:189,(anonymous_6)
FNF:7
FNH:0
FNDA:0,(anonymous_0)
FNDA:0,(anonymous_1)
FNDA:0,(anonymous_2)
FNDA:0,(anonymous_3)
FNDA:0,(anonymous_4)
FNDA:0,(anonymous_5)
FNDA:0,(anonymous_6)
DA:1,1
DA:3,1
DA:10,1
DA:17,0
DA:60,0
DA:90,0
DA:92,0
DA:96,0
DA:104,0
DA:128,0
DA:132,0
DA:133,0
DA:136,0
DA:155,0
DA:190,0
LF:15
LH:3
BRDA:92,0,0,0
BRDA:92,0,1,0
BRDA:92,1,0,0
BRDA:92,1,1,0
BRDA:132,2,0,0
BRDA:132,2,1,0
BRF:6
BRH:0
end_of_record
TN:
SF:src\repositories\productRepository.ts
FN:15,(anonymous_0)
FN:50,(anonymous_1)
FN:65,(anonymous_2)
FN:88,(anonymous_3)
FN:105,(anonymous_4)
FN:131,(anonymous_5)
FN:143,(anonymous_6)
FN:152,(anonymous_7)
FNF:8
FNH:0
FNDA:0,(anonymous_0)
FNDA:0,(anonymous_1)
FNDA:0,(anonymous_2)
FNDA:0,(anonymous_3)
FNDA:0,(anonymous_4)
FNDA:0,(anonymous_5)
FNDA:0,(anonymous_6)
FNDA:0,(anonymous_7)
DA:1,1
DA:3,1
DA:8,1
DA:26,0
DA:51,0
DA:71,0
DA:73,0
DA:89,0
DA:116,0
DA:132,0
DA:144,0
DA:153,0
LF:12
LH:3
BRDA:32,0,0,0
BRDA:32,0,1,0
BRDA:33,1,0,0
BRDA:33,1,1,0
BRDA:71,2,0,0
BRDA:71,3,0,0
BRDA:71,3,1,0
BRDA:77,4,0,0
BRDA:77,4,1,0
BRF:9
BRH:0
end_of_record
TN:
SF:src\repositories\reportRepository.ts
FN:6,(anonymous_0)
FN:17,(anonymous_1)
FN:32,(anonymous_2)
FN:53,(anonymous_3)
FN:66,(anonymous_4)
FN:67,(anonymous_5)
FN:70,(anonymous_6)
FN:76,(anonymous_7)
FN:91,(anonymous_8)
FN:105,(anonymous_9)
FN:112,(anonymous_10)
FN:126,(anonymous_11)
FN:133,(anonymous_12)
FNF:13
FNH:8
FNDA:1,(anonymous_0)
FNDA:2,(anonymous_1)
FNDA:2,(anonymous_2)
FNDA:0,(anonymous_3)
FNDA:0,(anonymous_4)
FNDA:0,(anonymous_5)
FNDA:0,(anonymous_6)
FNDA:0,(anonymous_7)
FNDA:1,(anonymous_8)
FNDA:1,(anonymous_9)
FNDA:2,(anonymous_10)
FNDA:3,(anonymous_11)
FNDA:1,(anonymous_12)
DA:1,2
DA:3,2
DA:5,2
DA:7,1
DA:18,2
DA:31,2
DA:33,2
DA:39,2
DA:41,2
DA:50,2
DA:54,0
DA:66,0
DA:67,0
DA:68,0
DA:71,0
DA:76,0
DA:79,0
DA:82,0
DA:92,1
DA:105,1
DA:113,2
DA:126,3
DA:134,1
DA:136,1
LF:24
LH:16
BRDA:39,0,0,2
BRDA:39,0,1,0
BRDA:39,1,0,2
BRDA:39,1,1,1
BRDA:43,2,0,2
BRDA:43,2,1,1
BRDA:44,3,0,2
BRDA:44,3,1,0
BRDA:71,4,0,0
BRDA:71,4,1,0
BRDA:71,4,2,0
BRF:11
BRH:6
end_of_record
TN:
SF:src\repositories\roleRepository.ts
FN:15,(anonymous_0)
FN:36,(anonymous_1)
FN:51,(anonymous_2)
FN:66,(anonymous_3)
FN:92,(anonymous_4)
FN:111,(anonymous_5)
FN:123,(anonymous_6)
FN:133,(anonymous_7)
FNF:8
FNH:0
FNDA:0,(anonymous_0)
FNDA:0,(anonymous_1)
FNDA:0,(anonymous_2)
FNDA:0,(anonymous_3)
FNDA:0,(anonymous_4)
FNDA:0,(anonymous_5)
FNDA:0,(anonymous_6)
FNDA:0,(anonymous_7)
DA:1,1
DA:3,1
DA:8,1
DA:19,0
DA:37,0
DA:52,0
DA:72,0
DA:74,0
DA:96,0
DA:112,0
DA:124,0
DA:134,0
LF:12
LH:3
BRDA:72,0,0,0
BRDA:72,1,0,0
BRDA:72,1,1,0
BRDA:78,2,0,0
BRDA:78,2,1,0
BRF:5
BRH:0
end_of_record
TN:
SF:src\repositories\storeRepository.ts
FN:38,(anonymous_0)
FN:54,(anonymous_1)
FN:65,(anonymous_2)
FN:77,(anonymous_3)
FNF:4
FNH:0
FNDA:0,(anonymous_0)
FNDA:0,(anonymous_1)
FNDA:0,(anonymous_2)
FNDA:0,(anonymous_3)
DA:1,1
DA:4,1
DA:28,1
DA:39,0
DA:55,0
DA:67,0
DA:78,0
LF:7
LH:3
BRF:0
BRH:0
end_of_record
TN:
SF:src\repositories\userRepository.ts
FN:17,(anonymous_0)
FN:39,(anonymous_1)
FN:51,(anonymous_2)
FN:67,(anonymous_3)
FN:77,(anonymous_4)
FN:89,(anonymous_5)
FN:99,(anonymous_6)
FNF:7
FNH:0
FNDA:0,(anonymous_0)
FNDA:0,(anonymous_1)
FNDA:0,(anonymous_2)
FNDA:0,(anonymous_3)
FNDA:0,(anonymous_4)
FNDA:0,(anonymous_5)
FNDA:0,(anonymous_6)
DA:3,1
DA:5,1
DA:10,1
DA:23,0
DA:40,0
DA:52,0
DA:69,0
DA:78,0
DA:90,0
DA:100,0
LF:10
LH:3
BRF:0
BRH:0
end_of_record
TN:
SF:src\services\addressService.ts
FN:13,(anonymous_0)
FN:28,(anonymous_1)
FN:55,(anonymous_2)
FN:130,(anonymous_3)
FN:211,(anonymous_4)
FN:238,(anonymous_5)
FNF:6
FNH:0
FNDA:0,(anonymous_0)
FNDA:0,(anonymous_1)
FNDA:0,(anonymous_2)
FNDA:0,(anonymous_3)
FNDA:0,(anonymous_4)
FNDA:0,(anonymous_5)
DA:1,1
DA:6,1
DA:14,0
DA:15,0
DA:17,0
DA:29,0
DA:30,0
DA:31,0
DA:32,0
DA:34,0
DA:36,0
DA:66,0
DA:68,0
DA:69,0
DA:72,0
DA:73,0
DA:76,0
DA:77,0
DA:80,0
DA:81,0
DA:84,0
DA:85,0
DA:88,0
DA:89,0
DA:93,0
DA:94,0
DA:95,0
DA:99,0
DA:100,0
DA:101,0
DA:105,0
DA:106,0
DA:109,0
DA:116,0
DA:118,0
DA:141,0
DA:143,0
DA:144,0
DA:145,0
DA:149,0
DA:150,0
DA:153,0
DA:154,0
DA:157,0
DA:158,0
DA:161,0
DA:162,0
DA:165,0
DA:166,0
DA:169,0
DA:170,0
DA:174,0
DA:175,0
DA:176,0
DA:177,0
DA:182,0
DA:183,0
DA:184,0
DA:185,0
DA:190,0
DA:191,0
DA:192,0
DA:194,0
DA:195,0
DA:198,0
DA:200,0
DA:212,0
DA:214,0
DA:215,0
DA:216,0
DA:223,0
DA:225,0
DA:227,0
DA:239,0
DA:241,0
DA:242,0
DA:243,0
DA:247,0
DA:250,0
DA:252,0
LF:80
LH:2
BRDA:31,0,0,0
BRDA:31,0,1,0
BRDA:31,1,0,0
BRDA:31,1,1,0
BRDA:68,2,0,0
BRDA:68,2,1,0
BRDA:68,3,0,0
BRDA:68,3,1,0
BRDA:72,4,0,0
BRDA:72,4,1,0
BRDA:72,5,0,0
BRDA:72,5,1,0
BRDA:76,6,0,0
BRDA:76,6,1,0
BRDA:76,7,0,0
BRDA:76,7,1,0
BRDA:80,8,0,0
BRDA:80,8,1,0
BRDA:80,9,0,0
BRDA:80,9,1,0
BRDA:84,10,0,0
BRDA:84,10,1,0
BRDA:84,11,0,0
BRDA:84,11,1,0
BRDA:88,12,0,0
BRDA:88,12,1,0
BRDA:88,13,0,0
BRDA:88,13,1,0
BRDA:94,14,0,0
BRDA:94,14,1,0
BRDA:100,15,0,0
BRDA:100,15,1,0
BRDA:144,16,0,0
BRDA:144,16,1,0
BRDA:144,17,0,0
BRDA:144,17,1,0
BRDA:149,18,0,0
BRDA:149,18,1,0
BRDA:149,19,0,0
BRDA:149,19,1,0
BRDA:149,19,2,0
BRDA:153,20,0,0
BRDA:153,20,1,0
BRDA:153,21,0,0
BRDA:153,21,1,0
BRDA:153,21,2,0
BRDA:157,22,0,0
BRDA:157,22,1,0
BRDA:157,23,0,0
BRDA:157,23,1,0
BRDA:157,23,2,0
BRDA:161,24,0,0
BRDA:161,24,1,0
BRDA:161,25,0,0
BRDA:161,25,1,0
BRDA:161,25,2,0
BRDA:165,26,0,0
BRDA:165,26,1,0
BRDA:165,27,0,0
BRDA:165,27,1,0
BRDA:165,27,2,0
BRDA:169,28,0,0
BRDA:169,28,1,0
BRDA:169,29,0,0
BRDA:169,29,1,0
BRDA:169,29,2,0
BRDA:174,30,0,0
BRDA:174,30,1,0
BRDA:176,31,0,0
BRDA:176,31,1,0
BRDA:182,32,0,0
BRDA:182,32,1,0
BRDA:184,33,0,0
BRDA:184,33,1,0
BRDA:191,34,0,0
BRDA:191,34,1,0
BRDA:194,35,0,0
BRDA:194,35,1,0
BRDA:215,36,0,0
BRDA:215,36,1,0
BRDA:215,37,0,0
BRDA:215,37,1,0
BRDA:242,38,0,0
BRDA:242,38,1,0
BRDA:242,39,0,0
BRDA:242,39,1,0
BRF:86
BRH:0
end_of_record
TN:
SF:src\services\cartService.ts
FN:14,(anonymous_0)
FN:39,(anonymous_1)
FN:71,(anonymous_2)
FN:122,(anonymous_3)
FN:177,(anonymous_4)
FN:207,(anonymous_5)
FN:233,(anonymous_6)
FNF:7
FNH:0
FNDA:0,(anonymous_0)
FNDA:0,(anonymous_1)
FNDA:0,(anonymous_2)
FNDA:0,(anonymous_3)
FNDA:0,(anonymous_4)
FNDA:0,(anonymous_5)
FNDA:0,(anonymous_6)
DA:1,1
DA:2,1
DA:7,1
DA:15,0
DA:16,0
DA:17,0
DA:20,0
DA:21,0
DA:23,0
DA:28,0
DA:29,0
DA:40,0
DA:41,0
DA:42,0
DA:45,0
DA:47,0
DA:48,0
DA:51,0
DA:53,0
DA:58,0
DA:59,0
DA:72,0
DA:73,0
DA:74,0
DA:77,0
DA:78,0
DA:81,0
DA:82,0
DA:86,0
DA:87,0
DA:88,0
DA:91,0
DA:92,0
DA:96,0
DA:97,0
DA:101,0
DA:104,0
DA:107,0
DA:109,0
DA:110,0
DA:123,0
DA:124,0
DA:125,0
DA:128,0
DA:129,0
DA:132,0
DA:133,0
DA:137,0
DA:138,0
DA:139,0
DA:143,0
DA:144,0
DA:147,0
DA:148,0
DA:149,0
DA:152,0
DA:153,0
DA:156,0
DA:157,0
DA:160,0
DA:163,0
DA:165,0
DA:166,0
DA:178,0
DA:179,0
DA:180,0
DA:183,0
DA:184,0
DA:187,0
DA:188,0
DA:189,0
DA:192,0
DA:194,0
DA:196,0
DA:197,0
DA:208,0
DA:209,0
DA:210,0
DA:213,0
DA:214,0
DA:215,0
DA:218,0
DA:220,0
DA:222,0
DA:223,0
DA:234,0
DA:235,0
DA:236,0
DA:239,0
DA:241,0
DA:243,0
DA:244,0
LF:92
LH:3
BRDA:16,0,0,0
BRDA:16,0,1,0
BRDA:16,1,0,0
BRDA:16,1,1,0
BRDA:41,2,0,0
BRDA:41,2,1,0
BRDA:41,3,0,0
BRDA:41,3,1,0
BRDA:47,4,0,0
BRDA:47,4,1,0
BRDA:71,5,0,0
BRDA:73,6,0,0
BRDA:73,6,1,0
BRDA:73,7,0,0
BRDA:73,7,1,0
BRDA:77,8,0,0
BRDA:77,8,1,0
BRDA:77,9,0,0
BRDA:77,9,1,0
BRDA:81,10,0,0
BRDA:81,10,1,0
BRDA:87,11,0,0
BRDA:87,11,1,0
BRDA:91,12,0,0
BRDA:91,12,1,0
BRDA:96,13,0,0
BRDA:96,13,1,0
BRDA:96,14,0,0
BRDA:96,14,1,0
BRDA:124,15,0,0
BRDA:124,15,1,0
BRDA:124,16,0,0
BRDA:124,16,1,0
BRDA:128,17,0,0
BRDA:128,17,1,0
BRDA:128,18,0,0
BRDA:128,18,1,0
BRDA:132,19,0,0
BRDA:132,19,1,0
BRDA:138,20,0,0
BRDA:138,20,1,0
BRDA:143,21,0,0
BRDA:143,21,1,0
BRDA:148,22,0,0
BRDA:148,22,1,0
BRDA:152,23,0,0
BRDA:152,23,1,0
BRDA:156,24,0,0
BRDA:156,24,1,0
BRDA:156,25,0,0
BRDA:156,25,1,0
BRDA:179,26,0,0
BRDA:179,26,1,0
BRDA:179,27,0,0
BRDA:179,27,1,0
BRDA:183,28,0,0
BRDA:183,28,1,0
BRDA:183,29,0,0
BRDA:183,29,1,0
BRDA:188,30,0,0
BRDA:188,30,1,0
BRDA:209,31,0,0
BRDA:209,31,1,0
BRDA:209,32,0,0
BRDA:209,32,1,0
BRDA:214,33,0,0
BRDA:214,33,1,0
BRDA:235,34,0,0
BRDA:235,34,1,0
BRDA:235,35,0,0
BRDA:235,35,1,0
BRF:71
BRH:0
end_of_record
TN:
SF:src\services\categoryService.ts
FN:14,(anonymous_0)
FN:47,(anonymous_1)
FN:65,(anonymous_2)
FN:83,(anonymous_3)
FN:127,(anonymous_4)
FN:167,(anonymous_5)
FN:195,(anonymous_6)
FN:208,(anonymous_7)
FN:216,(anonymous_8)
FN:217,(anonymous_9)
FN:218,(anonymous_10)
FN:219,(anonymous_11)
FNF:12
FNH:0
FNDA:0,(anonymous_0)
FNDA:0,(anonymous_1)
FNDA:0,(anonymous_2)
FNDA:0,(anonymous_3)
FNDA:0,(anonymous_4)
FNDA:0,(anonymous_5)
FNDA:0,(anonymous_6)
FNDA:0,(anonymous_7)
FNDA:0,(anonymous_8)
FNDA:0,(anonymous_9)
FNDA:0,(anonymous_10)
FNDA:0,(anonymous_11)
DA:1,1
DA:6,1
DA:17,0
DA:19,0
DA:20,0
DA:24,0
DA:25,0
DA:26,0
DA:30,0
DA:34,0
DA:37,0
DA:48,0
DA:49,0
DA:50,0
DA:51,0
DA:53,0
DA:55,0
DA:66,0
DA:67,0
DA:68,0
DA:69,0
DA:71,0
DA:73,0
DA:89,0
DA:90,0
DA:93,0
DA:95,0
DA:96,0
DA:99,0
DA:101,0
DA:106,0
DA:116,0
DA:130,0
DA:132,0
DA:133,0
DA:134,0
DA:138,0
DA:139,0
DA:140,0
DA:144,0
DA:145,0
DA:146,0
DA:151,0
DA:155,0
DA:157,0
DA:168,0
DA:170,0
DA:171,0
DA:172,0
DA:176,0
DA:177,0
DA:181,0
DA:183,0
DA:185,0
DA:196,0
DA:197,0
DA:199,0
DA:209,0
DA:210,0
DA:214,0
DA:216,0
DA:217,0
DA:218,0
DA:219,0
DA:222,0
DA:224,0
LF:66
LH:2
BRDA:19,0,0,0
BRDA:19,0,1,0
BRDA:19,1,0,0
BRDA:19,1,1,0
BRDA:25,2,0,0
BRDA:25,2,1,0
BRDA:50,3,0,0
BRDA:50,3,1,0
BRDA:68,4,0,0
BRDA:68,4,1,0
BRDA:90,5,0,0
BRDA:90,6,0,0
BRDA:90,7,0,0
BRDA:90,8,0,0
BRDA:90,8,1,0
BRDA:95,9,0,0
BRDA:95,9,1,0
BRDA:133,10,0,0
BRDA:133,10,1,0
BRDA:138,11,0,0
BRDA:138,11,1,0
BRDA:139,12,0,0
BRDA:139,12,1,0
BRDA:139,13,0,0
BRDA:139,13,1,0
BRDA:145,14,0,0
BRDA:145,14,1,0
BRDA:145,15,0,0
BRDA:145,15,1,0
BRDA:171,16,0,0
BRDA:171,16,1,0
BRDA:176,17,0,0
BRDA:176,17,1,0
BRDA:176,18,0,0
BRDA:176,18,1,0
BRF:35
BRH:0
end_of_record
TN:
SF:src\services\employeeService.ts
FN:45,(anonymous_1)
FN:94,(anonymous_2)
FN:144,(anonymous_3)
FN:174,(anonymous_4)
FN:200,(anonymous_5)
FN:230,(anonymous_6)
FN:254,(anonymous_7)
FN:314,(anonymous_8)
FNF:8
FNH:0
FNDA:0,(anonymous_1)
FNDA:0,(anonymous_2)
FNDA:0,(anonymous_3)
FNDA:0,(anonymous_4)
FNDA:0,(anonymous_5)
FNDA:0,(anonymous_6)
FNDA:0,(anonymous_7)
FNDA:0,(anonymous_8)
DA:7,1
DA:8,1
DA:10,1
DA:52,0
DA:53,0
DA:54,0
DA:56,0
DA:64,0
DA:65,0
DA:67,0
DA:104,0
DA:105,0
DA:106,0
DA:107,0
DA:110,0
DA:112,0
DA:113,0
DA:114,0
DA:118,0
DA:119,0
DA:120,0
DA:123,0
DA:125,0
DA:126,0
DA:129,0
DA:145,0
DA:146,0
DA:147,0
DA:148,0
DA:151,0
DA:152,0
DA:154,0
DA:179,0
DA:180,0
DA:183,0
DA:185,0
DA:186,0
DA:192,0
DA:194,0
DA:200,0
DA:201,0
DA:202,0
DA:205,0
DA:215,0
DA:231,0
DA:232,0
DA:233,0
DA:234,0
DA:237,0
DA:239,0
DA:255,0
DA:256,0
DA:257,0
DA:258,0
DA:262,0
DA:265,0
DA:266,0
DA:268,0
DA:269,0
DA:270,0
DA:271,0
DA:280,0
DA:281,0
DA:282,0
DA:283,0
DA:291,0
DA:298,0
DA:315,0
DA:317,0
DA:318,0
DA:321,0
DA:322,0
DA:326,0
DA:327,0
DA:328,0
DA:329,0
DA:333,0
DA:334,0
DA:335,0
DA:340,0
DA:341,0
DA:342,0
DA:345,0
DA:347,0
LF:84
LH:3
BRDA:106,0,0,0
BRDA:106,0,1,0
BRDA:112,1,0,0
BRDA:112,1,1,0
BRDA:118,2,0,0
BRDA:118,2,1,0
BRDA:119,3,0,0
BRDA:119,3,1,0
BRDA:147,4,0,0
BRDA:147,4,1,0
BRDA:180,5,0,0
BRDA:180,6,0,0
BRDA:180,7,0,0
BRDA:180,7,1,0
BRDA:185,8,0,0
BRDA:185,8,1,0
BRDA:233,9,0,0
BRDA:233,9,1,0
BRDA:257,10,0,0
BRDA:257,10,1,0
BRDA:268,11,0,0
BRDA:268,11,1,0
BRDA:270,12,0,0
BRDA:270,12,1,0
BRDA:280,13,0,0
BRDA:280,13,1,0
BRDA:282,14,0,0
BRDA:282,14,1,0
BRDA:295,15,0,0
BRDA:295,15,1,0
BRDA:317,16,0,0
BRDA:317,16,1,0
BRDA:317,17,0,0
BRDA:317,17,1,0
BRDA:317,17,2,0
BRDA:321,18,0,0
BRDA:321,18,1,0
BRDA:321,19,0,0
BRDA:321,19,1,0
BRDA:321,19,2,0
BRDA:326,20,0,0
BRDA:326,20,1,0
BRDA:328,21,0,0
BRDA:328,21,1,0
BRDA:334,22,0,0
BRDA:334,22,1,0
BRDA:334,23,0,0
BRDA:334,23,1,0
BRDA:341,24,0,0
BRDA:341,24,1,0
BRF:50
BRH:0
end_of_record
TN:
SF:src\services\orderService.ts
FN:11,generateOrderNumber
FN:24,registrarHistoricoStatus
FN:58,(anonymous_2)
FN:63,(anonymous_3)
FN:79,(anonymous_4)
FN:84,(anonymous_5)
FN:100,(anonymous_6)
FN:142,(anonymous_7)
FN:158,(anonymous_8)
FN:186,(anonymous_9)
FNF:10
FNH:0
FNDA:0,generateOrderNumber
FNDA:0,registrarHistoricoStatus
FNDA:0,(anonymous_2)
FNDA:0,(anonymous_3)
FNDA:0,(anonymous_4)
FNDA:0,(anonymous_5)
FNDA:0,(anonymous_6)
FNDA:0,(anonymous_7)
FNDA:0,(anonymous_8)
FNDA:0,(anonymous_9)
DA:1,1
DA:2,1
DA:4,1
DA:12,0
DA:13,0
DA:14,0
DA:30,0
DA:31,0
DA:40,0
DA:51,1
DA:59,0
DA:60,0
DA:63,0
DA:68,0
DA:80,0
DA:81,0
DA:84,0
DA:89,0
DA:108,0
DA:109,0
DA:112,0
DA:116,0
DA:124,0
DA:129,0
DA:143,0
DA:144,0
DA:145,0
DA:147,0
DA:159,0
DA:160,0
DA:162,0
DA:163,0
DA:167,0
DA:172,0
DA:192,0
DA:194,0
DA:196,0
DA:197,0
DA:201,0
DA:202,0
DA:206,0
DA:209,0
DA:211,0
DA:213,0
LF:44
LH:4
BRDA:112,0,0,0
BRDA:112,0,1,0
BRDA:112,1,0,0
BRDA:112,1,1,0
BRDA:162,2,0,0
BRDA:162,2,1,0
BRDA:196,3,0,0
BRDA:196,3,1,0
BRDA:201,4,0,0
BRDA:201,4,1,0
BRF:10
BRH:0
end_of_record
TN:
SF:src\services\productService.ts
FN:23,(anonymous_0)
FN:96,(anonymous_1)
FN:114,(anonymous_2)
FN:168,(anonymous_3)
FN:184,(anonymous_4)
FN:268,(anonymous_5)
FN:298,(anonymous_6)
FNF:7
FNH:0
FNDA:0,(anonymous_0)
FNDA:0,(anonymous_1)
FNDA:0,(anonymous_2)
FNDA:0,(anonymous_3)
FNDA:0,(anonymous_4)
FNDA:0,(anonymous_5)
FNDA:0,(anonymous_6)
DA:1,1
DA:2,1
DA:7,1
DA:34,0
DA:36,0
DA:37,0
DA:40,0
DA:41,0
DA:44,0
DA:45,0
DA:48,0
DA:49,0
DA:53,0
DA:54,0
DA:55,0
DA:59,0
DA:60,0
DA:61,0
DA:64,0
DA:65,0
DA:68,0
DA:69,0
DA:72,0
DA:73,0
DA:78,0
DA:81,0
DA:83,0
DA:86,0
DA:97,0
DA:98,0
DA:99,0
DA:100,0
DA:102,0
DA:104,0
DA:121,0
DA:122,0
DA:125,0
DA:127,0
DA:128,0
DA:131,0
DA:132,0
DA:135,0
DA:136,0
DA:142,0
DA:144,0
DA:149,0
DA:159,0
DA:169,0
DA:170,0
DA:172,0
DA:195,0
DA:197,0
DA:198,0
DA:199,0
DA:203,0
DA:204,0
DA:207,0
DA:208,0
DA:211,0
DA:212,0
DA:215,0
DA:216,0
DA:220,0
DA:221,0
DA:222,0
DA:223,0
DA:228,0
DA:229,0
DA:231,0
DA:232,0
DA:235,0
DA:236,0
DA:239,0
DA:240,0
DA:241,0
DA:244,0
DA:245,0
DA:250,0
DA:253,0
DA:254,0
DA:256,0
DA:258,0
DA:269,0
DA:271,0
DA:272,0
DA:273,0
DA:281,0
DA:284,0
DA:286,0
DA:288,0
DA:303,0
DA:305,0
DA:306,0
DA:309,0
DA:310,0
DA:311,0
DA:312,0
DA:315,0
LF:98
LH:3
BRDA:36,0,0,0
BRDA:36,0,1,0
BRDA:36,1,0,0
BRDA:36,1,1,0
BRDA:40,2,0,0
BRDA:40,2,1,0
BRDA:40,3,0,0
BRDA:40,3,1,0
BRDA:44,4,0,0
BRDA:44,4,1,0
BRDA:44,5,0,0
BRDA:44,5,1,0
BRDA:48,6,0,0
BRDA:48,6,1,0
BRDA:48,7,0,0
BRDA:48,7,1,0
BRDA:54,8,0,0
BRDA:54,8,1,0
BRDA:59,9,0,0
BRDA:59,9,1,0
BRDA:60,10,0,0
BRDA:60,10,1,0
BRDA:64,11,0,0
BRDA:64,11,1,0
BRDA:68,12,0,0
BRDA:68,12,1,0
BRDA:68,13,0,0
BRDA:68,13,1,0
BRDA:72,14,0,0
BRDA:72,14,1,0
BRDA:72,15,0,0
BRDA:72,15,1,0
BRDA:99,16,0,0
BRDA:99,16,1,0
BRDA:122,17,0,0
BRDA:122,18,0,0
BRDA:122,19,0,0
BRDA:122,19,1,0
BRDA:127,20,0,0
BRDA:127,20,1,0
BRDA:131,21,0,0
BRDA:131,21,1,0
BRDA:135,22,0,0
BRDA:135,22,1,0
BRDA:198,23,0,0
BRDA:198,23,1,0
BRDA:203,24,0,0
BRDA:203,24,1,0
BRDA:203,25,0,0
BRDA:203,25,1,0
BRDA:203,25,2,0
BRDA:207,26,0,0
BRDA:207,26,1,0
BRDA:207,27,0,0
BRDA:207,27,1,0
BRDA:207,27,2,0
BRDA:211,28,0,0
BRDA:211,28,1,0
BRDA:211,29,0,0
BRDA:211,29,1,0
BRDA:215,30,0,0
BRDA:215,30,1,0
BRDA:215,31,0,0
BRDA:215,31,1,0
BRDA:220,32,0,0
BRDA:220,32,1,0
BRDA:222,33,0,0
BRDA:222,33,1,0
BRDA:228,34,0,0
BRDA:228,34,1,0
BRDA:229,35,0,0
BRDA:229,35,1,0
BRDA:231,36,0,0
BRDA:231,36,1,0
BRDA:235,37,0,0
BRDA:235,37,1,0
BRDA:235,38,0,0
BRDA:235,38,1,0
BRDA:239,39,0,0
BRDA:239,39,1,0
BRDA:240,40,0,0
BRDA:240,40,1,0
BRDA:240,41,0,0
BRDA:240,41,1,0
BRDA:244,42,0,0
BRDA:244,42,1,0
BRDA:244,43,0,0
BRDA:244,43,1,0
BRDA:253,44,0,0
BRDA:253,44,1,0
BRDA:272,45,0,0
BRDA:272,45,1,0
BRDA:305,46,0,0
BRDA:305,46,1,0
BRDA:305,47,0,0
BRDA:305,47,1,0
BRDA:309,48,0,0
BRDA:309,48,1,0
BRDA:311,49,0,0
BRDA:311,49,1,0
BRF:100
BRH:0
end_of_record
TN:
SF:src\services\reportService.ts
FN:5,(anonymous_0)
FN:23,(anonymous_1)
FNF:2
FNH:2
FNDA:14,(anonymous_0)
FNDA:8,(anonymous_1)
DA:1,2
DA:2,2
DA:4,2
DA:6,14
DA:7,14
DA:9,9
DA:11,1
DA:13,1
DA:15,1
DA:17,1
DA:19,1
DA:24,8
DA:26,8
DA:27,8
DA:28,8
DA:29,8
DA:31,8
DA:32,8
DA:33,8
DA:34,8
DA:35,8
DA:37,8
LF:22
LH:22
BRDA:7,0,0,9
BRDA:7,0,1,1
BRDA:7,0,2,1
BRDA:7,0,3,1
BRDA:7,0,4,1
BRDA:7,0,5,1
BRDA:27,1,0,8
BRDA:27,1,1,1
BRDA:29,2,0,7
BRDA:29,2,1,1
BRDA:43,3,0,8
BRDA:43,3,1,1
BRF:12
BRH:12
end_of_record
TN:
SF:src\services\roleService.ts
FN:15,(anonymous_0)
FN:50,(anonymous_1)
FN:68,(anonymous_2)
FN:86,(anonymous_3)
FN:133,(anonymous_4)
FN:181,(anonymous_5)
FN:209,(anonymous_6)
FN:217,(anonymous_7)
FN:218,(anonymous_8)
FN:219,(anonymous_9)
FNF:10
FNH:0
FNDA:0,(anonymous_0)
FNDA:0,(anonymous_1)
FNDA:0,(anonymous_2)
FNDA:0,(anonymous_3)
FNDA:0,(anonymous_4)
FNDA:0,(anonymous_5)
FNDA:0,(anonymous_6)
FNDA:0,(anonymous_7)
FNDA:0,(anonymous_8)
FNDA:0,(anonymous_9)
DA:1,1
DA:6,1
DA:19,0
DA:21,0
DA:22,0
DA:26,0
DA:27,0
DA:28,0
DA:32,0
DA:37,0
DA:40,0
DA:51,0
DA:52,0
DA:53,0
DA:54,0
DA:56,0
DA:58,0
DA:69,0
DA:70,0
DA:71,0
DA:72,0
DA:74,0
DA:76,0
DA:92,0
DA:93,0
DA:96,0
DA:98,0
DA:99,0
DA:105,0
DA:107,0
DA:112,0
DA:122,0
DA:137,0
DA:139,0
DA:140,0
DA:141,0
DA:145,0
DA:146,0
DA:147,0
DA:151,0
DA:152,0
DA:153,0
DA:158,0
DA:159,0
DA:160,0
DA:162,0
DA:163,0
DA:167,0
DA:169,0
DA:171,0
DA:182,0
DA:184,0
DA:185,0
DA:186,0
DA:190,0
DA:191,0
DA:192,0
DA:196,0
DA:198,0
DA:200,0
DA:210,0
DA:211,0
DA:215,0
DA:217,0
DA:218,0
DA:219,0
DA:222,0
DA:224,0
LF:68
LH:2
BRDA:21,0,0,0
BRDA:21,0,1,0
BRDA:21,1,0,0
BRDA:21,1,1,0
BRDA:27,2,0,0
BRDA:27,2,1,0
BRDA:53,3,0,0
BRDA:53,3,1,0
BRDA:71,4,0,0
BRDA:71,4,1,0
BRDA:93,5,0,0
BRDA:93,6,0,0
BRDA:93,7,0,0
BRDA:93,8,0,0
BRDA:93,8,1,0
BRDA:98,9,0,0
BRDA:98,9,1,0
BRDA:140,10,0,0
BRDA:140,10,1,0
BRDA:145,11,0,0
BRDA:145,11,1,0
BRDA:146,12,0,0
BRDA:146,12,1,0
BRDA:146,13,0,0
BRDA:146,13,1,0
BRDA:152,14,0,0
BRDA:152,14,1,0
BRDA:152,15,0,0
BRDA:152,15,1,0
BRDA:159,16,0,0
BRDA:159,16,1,0
BRDA:162,17,0,0
BRDA:162,17,1,0
BRDA:163,18,0,0
BRDA:163,18,1,0
BRDA:185,19,0,0
BRDA:185,19,1,0
BRDA:191,20,0,0
BRDA:191,20,1,0
BRDA:217,21,0,0
BRDA:217,21,1,0
BRDA:218,22,0,0
BRDA:218,22,1,0
BRDA:219,23,0,0
BRDA:219,23,1,0
BRF:45
BRH:0
end_of_record
TN:
SF:src\services\storeService.ts
FN:17,(anonymous_0)
FN:37,(anonymous_1)
FN:53,(anonymous_2)
FN:64,(anonymous_3)
FNF:4
FNH:0
FNDA:0,(anonymous_0)
FNDA:0,(anonymous_1)
FNDA:0,(anonymous_2)
FNDA:0,(anonymous_3)
DA:1,1
DA:2,1
DA:6,1
DA:18,0
DA:19,0
DA:20,0
DA:22,0
DA:38,0
DA:39,0
DA:40,0
DA:41,0
DA:44,0
DA:46,0
DA:54,0
DA:55,0
DA:56,0
DA:58,0
DA:65,0
LF:18
LH:3
BRDA:40,0,0,0
BRDA:40,0,1,0
BRDA:55,1,0,0
BRDA:55,1,1,0
BRF:4
BRH:0
end_of_record
TN:
SF:src\services\userService.ts
FN:16,(anonymous_1)
FN:46,(anonymous_2)
FN:54,(anonymous_3)
FN:102,(anonymous_4)
FN:117,(anonymous_5)
FN:163,(anonymous_6)
FNF:6
FNH:6
FNDA:3,(anonymous_1)
FNDA:8,(anonymous_2)
FNDA:6,(anonymous_3)
FNDA:2,(anonymous_4)
FNDA:8,(anonymous_5)
FNDA:4,(anonymous_6)
DA:3,2
DA:4,2
DA:5,2
DA:6,2
DA:11,2
DA:22,3
DA:23,3
DA:24,3
DA:25,1
DA:27,2
DA:28,2
DA:29,1
DA:35,1
DA:36,1
DA:38,2
DA:47,8
DA:55,6
DA:56,6
DA:57,6
DA:58,6
DA:59,6
DA:60,3
DA:62,3
DA:63,3
DA:64,2
DA:67,6
DA:68,1
DA:70,5
DA:71,5
DA:72,1
DA:74,4
DA:75,4
DA:87,4
DA:88,4
DA:94,2
DA:103,2
DA:104,2
DA:105,1
DA:108,1
DA:109,1
DA:118,8
DA:120,8
DA:121,1
DA:124,7
DA:125,1
DA:128,6
DA:129,2
DA:133,4
DA:134,3
DA:135,3
DA:136,1
DA:140,2
DA:141,2
DA:142,1
DA:147,2
DA:148,2
DA:149,1
DA:152,2
DA:154,6
DA:164,4
DA:165,4
DA:166,4
DA:167,2
DA:168,2
DA:169,1
DA:172,4
LF:66
LH:66
BRDA:24,0,0,1
BRDA:24,0,1,2
BRDA:59,1,0,3
BRDA:59,1,1,3
BRDA:63,2,0,2
BRDA:63,2,1,1
BRDA:64,3,0,1
BRDA:64,3,1,1
BRDA:67,4,0,1
BRDA:67,4,1,5
BRDA:71,5,0,1
BRDA:71,5,1,4
BRDA:74,6,0,4
BRDA:74,6,1,1
BRDA:80,7,0,2
BRDA:80,7,1,2
BRDA:82,8,0,2
BRDA:82,8,1,2
BRDA:104,9,0,1
BRDA:104,9,1,1
BRDA:120,10,0,1
BRDA:120,10,1,7
BRDA:120,11,0,8
BRDA:120,11,1,2
BRDA:120,11,2,1
BRDA:124,12,0,1
BRDA:124,12,1,6
BRDA:124,13,0,7
BRDA:124,13,1,4
BRDA:124,13,2,4
BRDA:128,14,0,2
BRDA:128,14,1,4
BRDA:128,15,0,6
BRDA:128,15,1,3
BRDA:128,15,2,2
BRDA:133,16,0,3
BRDA:133,16,1,1
BRDA:135,17,0,1
BRDA:135,17,1,2
BRDA:141,18,0,1
BRDA:141,18,1,1
BRDA:141,19,0,2
BRDA:141,19,1,1
BRDA:148,20,0,1
BRDA:148,20,1,1
BRDA:166,21,0,2
BRDA:166,21,1,2
BRDA:168,22,0,1
BRDA:168,22,1,1
BRF:49
BRH:49
end_of_record
